<?xml version="1.0" encoding="UTF-8"?>
<!-- Generated by org.testng.reporters.JUnitReportReporter -->
<testsuite skipped="0" hostname="ruanggurus-MacBook-Pro.local" name="com.test.api.ApiTest" tests="2" failures="0" timestamp="2021-06-21T20:52:26 WIB" time="5.325" errors="0">
  <testcase name="checkSchema" time="1.873" classname="com.test.api.ApiTest"/>
  <system-out/>
  <testcase name="checkPostResponse" time="3.452" classname="com.test.api.ApiTest"/>
  <system-out/>
</testsuite> <!-- com.test.api.ApiTest -->
