<?xml version="1.0" encoding="UTF-8"?>
<!-- Generated by org.testng.reporters.JUnitReportReporter -->
<testsuite skipped="0" hostname="ruanggurus-MacBook-Pro.local" name="com.test.web.WebTest" tests="1" failures="0" timestamp="2021-06-21T22:07:07 WIB" time="6.724" errors="0">
  <testcase name="searchProduct" time="6.724" classname="com.test.web.WebTest"/>
  <system-out/>
</testsuite> <!-- com.test.web.WebTest -->
